<?xml version="1.0" encoding="UTF-8"?>
<!-- Generated by org.testng.reporters.JUnitXMLReporter -->
<testsuite hostname="HPNOTEBOOK" ignored="0" name="Test" tests="2" failures="0" timestamp="30 Jul 2020 09:53:39 GMT" time="0.086" errors="0">
  <testcase name="@BeforeSuite Launch" time="0.218" classname="com.TestCases.LoginTest">
    <failure type="java.lang.IllegalStateException" message="The driver executable does not exist: C:\Users\hp\eclipse-workspace\com.orangeHRM.atHome\Driver\chromedriver.exe">
      <![CDATA[java.lang.IllegalStateException: The driver executable does not exist: C:\Users\hp\eclipse-workspace\com.orangeHRM.atHome\Driver\chromedriver.exe
at com.google.common.base.Preconditions.checkState(Preconditions.java:589)
at org.openqa.selenium.remote.service.DriverService.checkExecutable(DriverService.java:147)
at org.openqa.selenium.remote.service.DriverService.findExecutable(DriverService.java:142)
at org.openqa.selenium.chrome.ChromeDriverService.access$000(ChromeDriverService.java:35)
at org.openqa.selenium.chrome.ChromeDriverService$Builder.findDefaultExecutable(ChromeDriverService.java:159)
at org.openqa.selenium.remote.service.DriverService$Builder.build(DriverService.java:363)
at org.openqa.selenium.chrome.ChromeDriverService.createDefaultService(ChromeDriverService.java:94)
at org.openqa.selenium.chrome.ChromeDriver.<init>(ChromeDriver.java:131)
at com.OrangeHRMtestbase.TestBase.initialization(TestBase.java:30)
at com.TestCases.LoginTest.Launch(LoginTest.java:22)
... Removed 20 stack frames]]>
    </failure>
  </testcase> <!-- @BeforeSuite Launch -->
  <testcase name="checktitle" time="0.0" classname="com.TestCases.LoginTest">
    <skipped/>
  </testcase> <!-- checktitle -->
  <testcase name="Login_detail" time="0.0" classname="com.TestCases.LoginTest">
    <skipped/>
  </testcase> <!-- Login_detail -->
</testsuite> <!-- Test -->
